[0m[[0m[0mdebug[0m] [0m[0m> Exec(__runWatch console0, Some(73cfbb41-be29-4943-b66f-407a3e805f13), Some(CommandSource(console0)))[0m
[0m[[0m[0mdebug[0m] [0m[0m> Exec(sbtStashOnFailure, None, Some(CommandSource(console0)))[0m
[0m[[0m[0mdebug[0m] [0m[0m> Exec(__preWatch console0, None, Some(CommandSource(console0)))[0m
[0m[[0m[0mdebug[0m] [0m[0m> Exec(run, None, Some(CommandSource(console0)))[0m
[0m[[0m[0mdebug[0m] [0m[0mEvaluating tasks: Compile / run[0m
[0m[[0m[0mdebug[0m] [0m[0mRunning task... Cancel: Signal, check cycles: false, forcegc: true[0m
[0m[[0m[0minfo[0m] [0m[0mcompiling 1 Scala source to C:\Users\marie\Documents\Ecole\Efrei\CDGP\scala\pokedex\target\scala-3.1.3\classes ...[0m
[0m[[0m[31merror[0m] [0m[0m[31m[31m-- [E007] Type Mismatch Error: C:\Users\marie\Documents\Ecole\Efrei\CDGP\scala\pokedex\src\main\scala\Main.scala:21:28 [0m[0m[0m
[0m[[0m[31merror[0m] [0m[0m[31m21 |[0m      jsonresponse = result.parseJson[0m
[0m[[0m[31merror[0m] [0m[0m[31m[31m   |[0m                     ^^^^^^^^^^^^^^^^[0m[0m
[0m[[0m[31merror[0m] [0m[0m[31m   |[0m                     Found:    spray.json.JsValue[0m
[0m[[0m[31merror[0m] [0m[0m[31m   |[0m                     Required: String[0m
[0m[[0m[31merror[0m] [0m[0m[31m   |[0m[0m
[0m[[0m[31merror[0m] [0m[0m[31m   |[0m longer explanation available when compiling with `-explain`[0m
[0m[[0m[31merror[0m] [0m[0m[31m[31m-- [E008] Not Found Error: C:\Users\marie\Documents\Ecole\Efrei\CDGP\scala\pokedex\src\main\scala\Main.scala:22:19 [0m[0m[0m
[0m[[0m[31merror[0m] [0m[0m[31m22 |[0m      jsonresponse.convertTo[[35mMap[0m[[35mString[0m, [35mString[0m]][0m
[0m[[0m[31merror[0m] [0m[0m[31m[31m   |[0m      ^^^^^^^^^^^^^^^^^^^^^^[0m[0m
[0m[[0m[31merror[0m] [0m[0m[31m   |[0m      value convertTo is not a member of String[0m
[0m[[0m[31merror[0m] [0m[0mtwo errors found[0m
[0m[[0m[31merror[0m] [0m[0m(Compile / [31mcompileIncremental[0m) Compilation failed[0m
[0m[[0m[31merror[0m] [0m[0mTotal time: 3 s, completed 30 juil. 2022 à 18:11:19[0m
[0m[[0m[0mdebug[0m] [0m[0m> Exec(resumeFromFailure, None, Some(CommandSource(console0)))[0m
[0m[[0m[0mdebug[0m] [0m[0m> Exec(sbtPopOnFailure, None, Some(CommandSource(console0)))[0m
[0m[[0m[0mdebug[0m] [0m[0m> Exec(__postWatch console0, None, Some(CommandSource(console0)))[0m
[0m[[0m[0mdebug[0m] [0m[0m> Exec(resumeFromFailure, None, None)[0m
[0m[[0m[0mdebug[0m] [0m[0m> Exec(__waitWatch console0, None, None)[0m
